#
# There is insufficient memory for the Java Runtime Environment to continue.
# Native memory allocation (mmap) failed to map 201326592 bytes. Error detail: G1 virtual space
# Possible reasons:
#   The system is out of physical RAM or swap space
#   This process is running with CompressedOops enabled, and the Java Heap may be blocking the growth of the native heap
# Possible solutions:
#   Reduce memory load on the system
#   Increase physical memory or swap space
#   Check if swap backing store is full
#   Decrease Java heap size (-Xmx/-Xms)
#   Decrease number of Java threads
#   Decrease Java thread stack sizes (-Xss)
#   Set larger code cache with -XX:ReservedCodeCacheSize=
#   JVM is running with Zero Based Compressed Oops mode in which the Java heap is
#     placed in the first 32GB address space. The Java Heap base address is the
#     maximum limit for the native heap growth. Please use -XX:HeapBaseMinAddress
#     to set the Java Heap base and to place the Java Heap above 32GB virtual address.
# This output file may be truncated or incomplete.
#
#  Out of Memory Error (os_windows.cpp:3631), pid=6536, tid=12892
#
# JRE version:  (22.0.1+8) (build )
# Java VM: Java HotSpot(TM) 64-Bit Server VM (22.0.1+8-16, mixed mode, sharing, tiered, compressed oops, compressed class ptrs, g1 gc, windows-amd64)
# No core dump will be written. Minidumps are not enabled by default on client versions of Windows
#

---------------  S U M M A R Y ------------

Command Line: version

Host: Intel(R) Core(TM) i3-6100U CPU @ 2.30GHz, 4 cores, 11G,  Windows 10 , 64 bit Build 19041 (10.0.19041.3636)
Time: Mon Aug 12 02:33:43 2024 India Standard Time elapsed time: 0.016011 seconds (0d 0h 0m 0s)

---------------  T H R E A D  ---------------

Current thread (0x000001932cd49770):  JavaThread "Unknown thread" [_thread_in_vm, id=12892, stack(0x0000007054f00000,0x0000007055000000) (1024K)]

Stack: [0x0000007054f00000,0x0000007055000000]
Native frames: (J=compiled Java code, j=interpreted, Vv=VM code, C=native code)
V  [jvm.dll+0x6e2279]  (no source info available)
V  [jvm.dll+0x874e33]  (no source info available)
V  [jvm.dll+0x87725e]  (no source info available)
V  [jvm.dll+0x877933]  (no source info available)
V  [jvm.dll+0x27fd76]  (no source info available)
V  [jvm.dll+0x6de915]  (no source info available)
V  [jvm.dll+0x6d341a]  (no source info available)
V  [jvm.dll+0x3589da]  (no source info available)
V  [jvm.dll+0x360f06]  (no source info available)
V  [jvm.dll+0x3b3e2e]  (no source info available)
V  [jvm.dll+0x3b40d8]  (no source info available)
V  [jvm.dll+0x32c59c]  (no source info available)
V  [jvm.dll+0x32d158]  (no source info available)
V  [jvm.dll+0x83ccdc]  (no source info available)
V  [jvm.dll+0x3c0d71]  (no source info available)
V  [jvm.dll+0x825ccc]  (no source info available)
V  [jvm.dll+0x45b8fe]  (no source info available)
V  [jvm.dll+0x45d781]  (no source info available)
C  [jli.dll+0x52a3]  (no source info available)
C  [ucrtbase.dll+0x21bb2]  (no source info available)
C  [KERNEL32.DLL+0x17344]  (no source info available)
C  [ntdll.dll+0x4cc91]  (no source info available)


---------------  P R O C E S S  ---------------

Threads class SMR info:
_java_thread_list=0x00007ff96c67b1c8, length=0, elements={
}

Java Threads: ( => current thread )
Total: 0

Other Threads:
  0x000001932ee3fbe0 WorkerThread "GC Thread#0"                     [id=15224, stack(0x0000007055000000,0x0000007055100000) (1024K)]
  0x000001932ee6a220 ConcurrentGCThread "G1 Main Marker"            [id=2732, stack(0x0000007055100000,0x0000007055200000) (1024K)]
  0x000001932ee6b4d0 WorkerThread "G1 Conc#0"                       [id=9624, stack(0x0000007055200000,0x0000007055300000) (1024K)]

[error occurred during error reporting (printing all threads), id 0xc0000005, EXCEPTION_ACCESS_VIOLATION (0xc0000005) at pc=0x00007ff96bdcf367]
VM state: not at safepoint (not fully initialized)

VM Mutex/Monitor currently owned by a thread:  ([mutex/lock_event])
[0x00007ff96c6fbcb8] Heap_lock - owner thread: 0x000001932cd49770

Heap address: 0x0000000741e00000, size: 3042 MB, Compressed Oops mode: Zero based, Oop shift amount: 3

CDS archive(s) mapped at: [0x0000000000000000-0x0000000000000000-0x0000000000000000), size 0, SharedBaseAddress: 0x0000000800000000, ArchiveRelocationMode: 1.
Narrow klass base: 0x0000000000000000, Narrow klass shift: 0, Narrow klass range: 0x0

GC Precious Log:
 CardTable entry size: 512
 Card Set container configuration: InlinePtr #cards 4 size 8 Array Of Cards #cards 16 size 48 Howl #buckets 8 coarsen threshold 3686 Howl Bitmap #cards 512 size 80 coarsen threshold 460 Card regions per heap region 1 cards per card region 4096

Heap:
 garbage-first heap   total reserved 3115008K, committed 0K, used 0K [0x0000000741e00000, 0x0000000800000000)
  region size 2048K, 0 young (0K), 0 survivors (0K)

[error occurred during error reporting (printing heap information), id 0xc0000005, EXCEPTION_ACCESS_VIOLATION (0xc0000005) at pc=0x00007ff96c1ce429]
GC Heap History (0 events):
No events

Dll operation events (1 events):
Event: 0.010 Loaded shared library C:\Program Files\Java\jdk-22\bin\java.dll

Deoptimization events (0 events):
No events

Classes loaded (0 events):
No events

Classes unloaded (0 events):
No events

Classes redefined (0 events):
No events

Internal exceptions (0 events):
No events

ZGC Phase Switch (0 events):
No events

VM Operations (0 events):
No events

Events (0 events):
No events


Dynamic libraries:
0x00007ff60f9b0000 - 0x00007ff60f9c0000 	C:\Program Files\Java\jdk-22\bin\java.exe
0x00007ff9fb370000 - 0x00007ff9fb568000 	C:\WINDOWS\SYSTEM32\ntdll.dll
0x00007ff9fa2e0000 - 0x00007ff9fa39d000 	C:\WINDOWS\System32\KERNEL32.DLL
0x00007ff9f8b30000 - 0x00007ff9f8e26000 	C:\WINDOWS\System32\KERNELBASE.dll
0x00007ff9f8a30000 - 0x00007ff9f8b30000 	C:\WINDOWS\System32\ucrtbase.dll
0x00007ff9f2690000 - 0x00007ff9f26a7000 	C:\Program Files\Java\jdk-22\bin\jli.dll
0x00007ff9f2670000 - 0x00007ff9f268b000 	C:\Program Files\Java\jdk-22\bin\VCRUNTIME140.dll
0x00007ff9fa3a0000 - 0x00007ff9fa450000 	C:\WINDOWS\System32\ADVAPI32.dll
0x00007ff9f9a00000 - 0x00007ff9f9a9e000 	C:\WINDOWS\System32\msvcrt.dll
0x00007ff9f9f30000 - 0x00007ff9f9fd0000 	C:\WINDOWS\System32\sechost.dll
0x00007ff9f9aa0000 - 0x00007ff9f9bc3000 	C:\WINDOWS\System32\RPCRT4.dll
0x00007ff9f91b0000 - 0x00007ff9f91d7000 	C:\WINDOWS\System32\bcrypt.dll
0x00007ff9f9fd0000 - 0x00007ff9fa16f000 	C:\WINDOWS\System32\USER32.dll
0x00007ff9e2fd0000 - 0x00007ff9e326a000 	C:\WINDOWS\WinSxS\amd64_microsoft.windows.common-controls_6595b64144ccf1df_6.0.19041.4355_none_60b8b9eb71f62e16\COMCTL32.dll
0x00007ff9f9560000 - 0x00007ff9f958b000 	C:\WINDOWS\System32\GDI32.dll
0x00007ff9f8ee0000 - 0x00007ff9f8f02000 	C:\WINDOWS\System32\win32u.dll
0x00007ff9f8fa0000 - 0x00007ff9f90b7000 	C:\WINDOWS\System32\gdi32full.dll
0x00007ff9f9110000 - 0x00007ff9f91ad000 	C:\WINDOWS\System32\msvcp_win.dll
0x00007ff9e9820000 - 0x00007ff9e982a000 	C:\WINDOWS\SYSTEM32\VERSION.dll
0x00007ff9f93b0000 - 0x00007ff9f93df000 	C:\WINDOWS\System32\IMM32.DLL
0x00007ff9f2650000 - 0x00007ff9f265c000 	C:\Program Files\Java\jdk-22\bin\vcruntime140_1.dll
0x00007ff9d9b40000 - 0x00007ff9d9bce000 	C:\Program Files\Java\jdk-22\bin\msvcp140.dll
0x00007ff96ba90000 - 0x00007ff96c7d7000 	C:\Program Files\Java\jdk-22\bin\server\jvm.dll
0x00007ff9fa270000 - 0x00007ff9fa2db000 	C:\WINDOWS\System32\WS2_32.dll
0x00007ff9f8880000 - 0x00007ff9f88cb000 	C:\WINDOWS\SYSTEM32\POWRPROF.dll
0x00007ff9dd070000 - 0x00007ff9dd097000 	C:\WINDOWS\SYSTEM32\WINMM.dll
0x00007ff9f8860000 - 0x00007ff9f8872000 	C:\WINDOWS\SYSTEM32\UMPDC.dll
0x00007ff9f68b0000 - 0x00007ff9f68c2000 	C:\WINDOWS\SYSTEM32\kernel.appcore.dll
0x00007ff9e8c60000 - 0x00007ff9e8c6a000 	C:\Program Files\Java\jdk-22\bin\jimage.dll
0x00007ff9de060000 - 0x00007ff9de244000 	C:\WINDOWS\SYSTEM32\DBGHELP.DLL
0x00007ff9df5a0000 - 0x00007ff9df5d4000 	C:\WINDOWS\SYSTEM32\dbgcore.DLL
0x00007ff9f8f10000 - 0x00007ff9f8f92000 	C:\WINDOWS\System32\bcryptPrimitives.dll
0x00007ff9dd6e0000 - 0x00007ff9dd6fe000 	C:\Program Files\Java\jdk-22\bin\java.dll
0x00007ff9fabc0000 - 0x00007ff9fb32c000 	C:\WINDOWS\System32\SHELL32.dll
0x00007ff9fa8d0000 - 0x00007ff9fa9fb000 	C:\WINDOWS\System32\ole32.dll
0x00007ff9f9bd0000 - 0x00007ff9f9f23000 	C:\WINDOWS\System32\combase.dll

dbghelp: loaded successfully - version: 4.0.5 - missing functions: none
symbol engine: initialized successfully - sym options: 0x614 - pdb path: .;C:\Program Files\Java\jdk-22\bin;C:\WINDOWS\SYSTEM32;C:\WINDOWS\WinSxS\amd64_microsoft.windows.common-controls_6595b64144ccf1df_6.0.19041.4355_none_60b8b9eb71f62e16;C:\Program Files\Java\jdk-22\bin\server

VM Arguments:
java_command: version
java_class_path (initial): .
Launcher Type: SUN_STANDARD

[Global flags]
     intx CICompilerCount                          = 3                                         {product} {ergonomic}
     uint ConcGCThreads                            = 1                                         {product} {ergonomic}
     uint G1ConcRefinementThreads                  = 4                                         {product} {ergonomic}
   size_t G1HeapRegionSize                         = 2097152                                   {product} {ergonomic}
   size_t InitialHeapSize                          = 201326592                                 {product} {ergonomic}
   size_t MarkStackSize                            = 4194304                                   {product} {ergonomic}
   size_t MaxHeapSize                              = 3189768192                                {product} {ergonomic}
   size_t MinHeapDeltaBytes                        = 2097152                                   {product} {ergonomic}
   size_t MinHeapSize                              = 8388608                                   {product} {ergonomic}
    uintx NonNMethodCodeHeapSize                   = 5832780                                {pd product} {ergonomic}
    uintx NonProfiledCodeHeapSize                  = 122912730                              {pd product} {ergonomic}
    uintx ProfiledCodeHeapSize                     = 122912730                              {pd product} {ergonomic}
    uintx ReservedCodeCacheSize                    = 251658240                              {pd product} {ergonomic}
     bool SegmentedCodeCache                       = true                                      {product} {ergonomic}
   size_t SoftMaxHeapSize                          = 3189768192                             {manageable} {ergonomic}
     bool UseCompressedOops                        = true                           {product lp64_product} {ergonomic}
     bool UseG1GC                                  = true                                      {product} {ergonomic}
     bool UseLargePagesIndividualAllocation        = false                                  {pd product} {ergonomic}

Logging:
Log output configuration:
 #0: stdout all=warning uptime,level,tags foldmultilines=false
 #1: stderr all=off uptime,level,tags foldmultilines=false

Environment Variables:
JAVA_HOME=C:\Program Files\Java\jdk-22
PATH=C:\Program Files\Common Files\Oracle\Java\javapath;C:\Program Files (x86)\Common Files\Oracle\Java\java8path;C:\WINDOWS\system32;C:\WINDOWS;C:\WINDOWS\System32\Wbem;C:\WINDOWS\System32\WindowsPowerShell\v1.0\;C:\WINDOWS\System32\OpenSSH\;C:\Program Files\dotnet\;C:\Program Files\Microsoft SQL Server\Client SDK\ODBC\170\Tools\Binn\;C:\Program Files\Git\cmd;C:\Program Files\nodejs\;C:\Program Files\Java\jdk-22\bin;D:\Automation1\apache-maven-3.6.3\bin;C:\Users\DANIEL\.dotnet\tools;C:\Users\DANIEL\AppData\Local\Microsoft\WindowsApps;C:\Users\DANIEL\AppData\Local\Programs\Microsoft VS Code\bin;C:\Users\DANIEL\AppData\Roaming\npm;E:\Automation\platform-tools
USERNAME=DANIEL
LANG=en_US.UTF-8
OS=Windows_NT
PROCESSOR_IDENTIFIER=Intel64 Family 6 Model 78 Stepping 3, GenuineIntel
TMP=C:\Users\DANIEL\AppData\Local\Temp
TEMP=C:\Users\DANIEL\AppData\Local\Temp




Periodic native trim disabled

---------------  S Y S T E M  ---------------

OS:
 Windows 10 , 64 bit Build 19041 (10.0.19041.3636)
OS uptime: 1 days 5:52 hours

CPU: total 4 (initial active 4) (2 cores per cpu, 2 threads per core) family 6 model 78 stepping 3 microcode 0xcc, cx8, cmov, fxsr, ht, mmx, 3dnowpref, sse, sse2, sse3, ssse3, sse4.1, sse4.2, popcnt, lzcnt, tsc, tscinvbit, avx, avx2, aes, erms, clmul, bmi1, bmi2, rtm, adx, fma, vzeroupper, clflush, clflushopt, rdtscp, f16c
Processor Information for all 4 processors :
  Max Mhz: 2301, Current Mhz: 2301, Mhz Limit: 2301

Memory: 4k page, system-wide physical 12161M (3188M free)
TotalPageFile size 14209M (AvailPageFile size 32M)
current process WorkingSet (physical memory assigned to process): 11M, peak: 11M
current process commit charge ("private bytes"): 52M, peak: 244M

vm_info: Java HotSpot(TM) 64-Bit Server VM (22.0.1+8-16) for windows-amd64 JRE (22.0.1+8-16), built on 2024-03-12T10:33:16Z by "mach5one" with MS VC++ 17.6 (VS2022)

END.
